
running 235 tests
test env::control::acrobot::env::tests::test_constraint_wrapping ... FAILED
test env::control::acrobot::env::tests::test_step_continuous_actions ... FAILED
test env::control::acrobot::env::tests::test_constraint_velocity_clamping ... FAILED
test env::control::acrobot::env::tests::test_truncation ... FAILED
test env::control::acrobot::env::tests::test_step_discrete_actions ... FAILED
test env::control::acrobot::env::tests::test_terminal_condition ... FAILED
test env::control::mountain_car::env::tests::test_episode_done_error ... FAILED
test env::control::mountain_car::env::tests::test_termination_conditions ... FAILED
test env::control::pendulum::env::tests::test_cost_calculation ... FAILED
test env::rapier::lunar_lander::env::tests::test_reward_shaping ... FAILED
test env::rapier::lunar_lander::env::tests::test_step_main_engine_continuous ... FAILED
test env::rapier::world::tests::test_reset_world ... FAILED
test env::rapier::world::tests::test_step_simulation ... FAILED
test env::rapier::world::tests::test_collision_event_handling ... FAILED
test env::rapier::world::tests::test_step_with_dt_simulation ... FAILED
test spaces::error::tests::test_from_rand_error ... FAILED

failures:

---- env::control::acrobot::env::tests::test_constraint_wrapping stdout ----

thread 'env::control::acrobot::env::tests::test_constraint_wrapping' panicked at src/env/control/acrobot/env.rs:77:18:
cannot sample empty range
note: run with `RUST_BACKTRACE=1` environment variable to display a backtrace

---- env::control::acrobot::env::tests::test_step_continuous_actions stdout ----

thread 'env::control::acrobot::env::tests::test_step_continuous_actions' panicked at src/env/control/acrobot/env.rs:77:18:
cannot sample empty range

---- env::control::acrobot::env::tests::test_constraint_velocity_clamping stdout ----

thread 'env::control::acrobot::env::tests::test_constraint_velocity_clamping' panicked at src/env/control/acrobot/env.rs:77:18:
cannot sample empty range

---- env::control::acrobot::env::tests::test_truncation stdout ----

thread 'env::control::acrobot::env::tests::test_truncation' panicked at src/env/control/acrobot/env.rs:77:18:
cannot sample empty range

---- env::control::acrobot::env::tests::test_step_discrete_actions stdout ----

thread 'env::control::acrobot::env::tests::test_step_discrete_actions' panicked at src/env/control/acrobot/env.rs:66:17:
attempt to subtract with overflow

---- env::control::acrobot::env::tests::test_terminal_condition stdout ----

thread 'env::control::acrobot::env::tests::test_terminal_condition' panicked at src/env/control/acrobot/env.rs:340:40:
called `Result::unwrap()` on an `Err` value: EpisodeDone

---- env::control::mountain_car::env::tests::test_episode_done_error stdout ----

thread 'env::control::mountain_car::env::tests::test_episode_done_error' panicked at src/env/control/mountain_car/env.rs:337:18:
Expected EpisodeDone error, got Ok(Experience { curr_state: [[-0.5294445209911235, -0.000963383595818147]], action: Discrete(0), reward: -1.0, next_state: [[-0.5313640637438186, -0.0019195427526951462]], terminal: Truncate, info: None, step: 2 })

---- env::control::mountain_car::env::tests::test_termination_conditions stdout ----

thread 'env::control::mountain_car::env::tests::test_termination_conditions' panicked at src/env/control/mountain_car/env.rs:309:9:
assertion failed: env.is_done().unwrap()

---- env::control::pendulum::env::tests::test_cost_calculation stdout ----

thread 'env::control::pendulum::env::tests::test_cost_calculation' panicked at src/env/control/pendulum/env.rs:60:25:
cannot sample empty range

---- env::rapier::lunar_lander::env::tests::test_reward_shaping stdout ----

thread 'env::rapier::lunar_lander::env::tests::test_reward_shaping' panicked at src/env/rapier/lunar_lander/env.rs:694:9:
Better state should yield higher shaping reward

---- env::rapier::lunar_lander::env::tests::test_step_main_engine_continuous stdout ----

thread 'env::rapier::lunar_lander::env::tests::test_step_main_engine_continuous' panicked at src/env/rapier/lunar_lander/env.rs:616:9:
Continuous main engine should push lander upwards

---- env::rapier::world::tests::test_reset_world stdout ----

thread 'env::rapier::world::tests::test_reset_world' panicked at src/env/rapier/world.rs:206:9:
assertion `left == right` failed
  left: 2
 right: 1

---- env::rapier::world::tests::test_step_simulation stdout ----

thread 'env::rapier::world::tests::test_step_simulation' panicked at src/env/rapier/world.rs:161:9:
assertion failed: body.translation().y < 10.0

---- env::rapier::world::tests::test_collision_event_handling stdout ----

thread 'env::rapier::world::tests::test_collision_event_handling' panicked at src/env/rapier/world.rs:251:9:

---- env::rapier::world::tests::test_step_with_dt_simulation stdout ----

thread 'env::rapier::world::tests::test_step_with_dt_simulation' panicked at src/env/rapier/world.rs:180:9:
assertion failed: body.translation().y < 10.0

---- spaces::error::tests::test_from_rand_error stdout ----

thread 'spaces::error::tests::test_from_rand_error' panicked at src/spaces/error.rs:87:13:
assertion `left == right` failed
  left: "Distribution: Failed to create or sample from a uniform distribution. Underlying error: low > high (or equal if exclusive) in uniform distribution"
 right: "Distribution: Failed to create or sample from a uniform distribution. Underlying error: range is empty"


failures:
    env::control::acrobot::env::tests::test_constraint_velocity_clamping
    env::control::acrobot::env::tests::test_constraint_wrapping
    env::control::acrobot::env::tests::test_step_continuous_actions
    env::control::acrobot::env::tests::test_step_discrete_actions
    env::control::acrobot::env::tests::test_terminal_condition
    env::control::acrobot::env::tests::test_truncation
    env::control::mountain_car::env::tests::test_episode_done_error
    env::control::mountain_car::env::tests::test_termination_conditions
    env::control::pendulum::env::tests::test_cost_calculation
    env::rapier::lunar_lander::env::tests::test_reward_shaping
    env::rapier::lunar_lander::env::tests::test_step_main_engine_continuous
    env::rapier::world::tests::test_collision_event_handling
    env::rapier::world::tests::test_reset_world
    env::rapier::world::tests::test_step_simulation
    env::rapier::world::tests::test_step_with_dt_simulation
    spaces::error::tests::test_from_rand_error

test result: FAILED. 219 passed; 16 failed; 0 ignored; 0 measured; 0 filtered out; finished in 0.02s

